2021-12-11T08:10:49.5457967+05:30;Thread#1;Info;Reading test run result from Json file "C:\Users\dadiswat\AppData\Local\Temp\e5655340-06e7-4ebf-856d-7ffbbcaaead6".
2021-12-11T08:10:49.5601193+05:30;Thread#1;Info;Successfully read test run result from Json file "C:\Users\dadiswat\AppData\Local\Temp\e5655340-06e7-4ebf-856d-7ffbbcaaead6"
2021-12-11T08:10:49.5601193+05:30;Thread#1;Info;Deserializing test run result
2021-12-11T08:10:49.7363727+05:30;Thread#1;Error;System.Runtime.Serialization.SerializationException thrown during deserialization: System.Runtime.Serialization.SerializationException: Member 'ClassName' was not found.
   at System.Runtime.Serialization.SerializationInfo.GetElement(String name, Type& foundType)
   at System.Runtime.Serialization.SerializationInfo.GetString(String name)
   at System.Exception..ctor(SerializationInfo info, StreamingContext context)
   at Void .ctor(System.Runtime.Serialization.SerializationInfo, System.Runtime.Serialization.StreamingContext)(Object[] )
   at Newtonsoft.Json.Serialization.JsonSerializerInternalReader.CreateISerializable(JsonReader reader, JsonISerializableContract contract, JsonProperty member, String id)
   at Newtonsoft.Json.Serialization.JsonSerializerInternalReader.CreateObject(JsonReader reader, Type objectType, JsonContract contract, JsonProperty member, JsonContainerContract containerContract, JsonProperty containerMember, Object existingValue)
   at Newtonsoft.Json.Serialization.JsonSerializerInternalReader.SetPropertyValue(JsonProperty property, JsonConverter propertyConverter, JsonContainerContract containerContract, JsonProperty containerProperty, JsonReader reader, Object target)
   at Newtonsoft.Json.Serialization.JsonSerializerInternalReader.PopulateObject(Object newObject, JsonReader reader, JsonObjectContract contract, JsonProperty member, String id)
   at Newtonsoft.Json.Serialization.JsonSerializerInternalReader.CreateObject(JsonReader reader, Type objectType, JsonContract contract, JsonProperty member, JsonContainerContract containerContract, JsonProperty containerMember, Object existingValue)
   at Newtonsoft.Json.Serialization.JsonSerializerInternalReader.SetPropertyValue(JsonProperty property, JsonConverter propertyConverter, JsonContainerContract containerContract, JsonProperty containerProperty, JsonReader reader, Object target)
   at Newtonsoft.Json.Serialization.JsonSerializerInternalReader.PopulateObject(Object newObject, JsonReader reader, JsonObjectContract contract, JsonProperty member, String id)
   at Newtonsoft.Json.Serialization.JsonSerializerInternalReader.CreateObject(JsonReader reader, Type objectType, JsonContract contract, JsonProperty member, JsonContainerContract containerContract, JsonProperty containerMember, Object existingValue)
   at Newtonsoft.Json.Serialization.JsonSerializerInternalReader.Deserialize(JsonReader reader, Type objectType, Boolean checkAdditionalContent)
   at Newtonsoft.Json.JsonSerializer.DeserializeInternal(JsonReader reader, Type objectType)
   at Newtonsoft.Json.JsonSerializer.Deserialize[T](JsonReader reader)
   at TechTalk.SpecRun.Framework.Services.JsonNetSerializer.Deserialize[T](FSharpOption`1 source)
2021-12-11T08:10:49.7363727+05:30;Thread#1;Error;Test run result could not be loaded. The content of "C:\Users\dadiswat\AppData\Local\Temp\e5655340-06e7-4ebf-856d-7ffbbcaaead6" is not a valid JSON test run result.
2021-12-11T08:10:49.7363727+05:30;Thread#1;Error;Could not fetch the test run results.
========== End of log file ==========
